<?xml version="1.0" encoding="UTF-8"?>
<testng-results ignored="0" total="1" passed="1" failed="0" skipped="0">
  <reporter-output>
  </reporter-output>
  <suite started-at="2023-01-17T18:43:11 CST" name="Regression" finished-at="2023-01-17T18:43:28 CST" duration-ms="17089">
    <groups>
    </groups>
    <test started-at="2023-01-17T18:43:11 CST" name="LoginTest" finished-at="2023-01-17T18:43:28 CST" duration-ms="17089">
      <class name="test.ListCustomerTest">
        <test-method signature="ValidUserShoulBeTbleToAddCustomerFromListCustomer(java.lang.String,java.lang.String,java.lang.String,java.lang.String,java.lang.String,java.lang.String,java.lang.String,java.lang.String,java.lang.String,java.lang.String,java.lang.String,java.lang.String,java.lang.String,java.lang.String)[pri:0, instance:test.ListCustomerTest@2abf4075]" started-at="2023-01-17T18:43:11 CST" name="ValidUserShoulBeTbleToAddCustomerFromListCustomer" finished-at="2023-01-17T18:43:28 CST" duration-ms="17052" status="PASS">
          <params>
            <param index="0">
              <value>
                <![CDATA[demo@techfios.com]]>
              </value>
            </param>
            <param index="1">
              <value>
                <![CDATA[abc123]]>
              </value>
            </param>
            <param index="2">
              <value>
                <![CDATA[Dashboard]]>
              </value>
            </param>
            <param index="3">
              <value>
                <![CDATA[Selenium]]>
              </value>
            </param>
            <param index="4">
              <value>
                <![CDATA[Techfios]]>
              </value>
            </param>
            <param index="5">
              <value>
                <![CDATA[abc@tecfios.com]]>
              </value>
            </param>
            <param index="6">
              <value>
                <![CDATA[a123456]]>
              </value>
            </param>
            <param index="7">
              <value>
                <![CDATA[1111111 rd]]>
              </value>
            </param>
            <param index="8">
              <value>
                <![CDATA[Dallas]]>
              </value>
            </param>
            <param index="9">
              <value>
                <![CDATA[Tx]]>
              </value>
            </param>
            <param index="10">
              <value>
                <![CDATA[a75342]]>
              </value>
            </param>
            <param index="11">
              <value>
                <![CDATA[Ethiopia]]>
              </value>
            </param>
            <param index="12">
              <value>
                <![CDATA[USD]]>
              </value>
            </param>
            <param index="13">
              <value>
                <![CDATA[Selenium]]>
              </value>
            </param>
          </params>
          <reporter-output>
          </reporter-output>
        </test-method> <!-- ValidUserShoulBeTbleToAddCustomerFromListCustomer -->
      </class> <!-- test.ListCustomerTest -->
    </test> <!-- LoginTest -->
  </suite> <!-- Regression -->
</testng-results>
